2018-07-05 11:42:53.311  INFO 8116 --- [main] com.hub.hubback.HubBackApplication       : Starting HubBackApplication on PC0502-4 with PID 8116 (E:\hub-back\target\classes started by user in E:\hub-back)
2018-07-05 11:42:53.328  INFO 8116 --- [main] com.hub.hubback.HubBackApplication       : No active profile set, falling back to default profiles: default
2018-07-05 11:42:53.546  INFO 8116 --- [main] ConfigServletWebServerApplicationContext : Refreshing org.springframework.boot.web.servlet.context.AnnotationConfigServletWebServerApplicationContext@8f4ea7c: startup date [Thu Jul 05 11:42:53 CST 2018]; root of context hierarchy
2018-07-05 11:42:55.604  INFO 8116 --- [main] o.s.b.w.embedded.tomcat.TomcatWebServer  : Tomcat initialized with port(s): 8090 (http)
2018-07-05 11:42:55.649  INFO 8116 --- [main] o.apache.catalina.core.StandardService   : Starting service [Tomcat]
2018-07-05 11:42:55.650  INFO 8116 --- [main] org.apache.catalina.core.StandardEngine  : Starting Servlet Engine: Apache Tomcat/8.5.31
2018-07-05 11:42:55.662  INFO 8116 --- [localhost-startStop-1] o.a.catalina.core.AprLifecycleListener   : The APR based Apache Tomcat Native library which allows optimal performance in production environments was not found on the java.library.path: [C:\Program Files\Java\jdk1.8.0_171\bin;C:\Windows\Sun\Java\bin;C:\Windows\system32;C:\Windows;C:\Program Files (x86)\Common Files\Oracle\Java\javapath;C:\Windows\system32;C:\Windows;C:\Windows\System32\Wbem;C:\Windows\System32\WindowsPowerShell\v1.0\;D:\apache-maven-3.0.4\bin;C:\Windows\system32;C:\Program Files\TortoiseSVN\bin;D:\Program Files\nodejs\;D:\Program Files\Java\jdk1.7.0_17\bin;C:\Program Files\PuTTY\;D:\Git\cmd;C:\Users\user\AppData\Roaming\npm;.]
2018-07-05 11:42:55.788  INFO 8116 --- [localhost-startStop-1] o.a.c.c.C.[Tomcat].[localhost].[/]       : Initializing Spring embedded WebApplicationContext
2018-07-05 11:42:55.788  INFO 8116 --- [localhost-startStop-1] o.s.web.context.ContextLoader            : Root WebApplicationContext: initialization completed in 2242 ms
2018-07-05 11:42:55.893  INFO 8116 --- [localhost-startStop-1] o.s.b.w.servlet.ServletRegistrationBean  : Servlet dispatcherServlet mapped to [/]
2018-07-05 11:42:55.897  INFO 8116 --- [localhost-startStop-1] o.s.b.w.servlet.FilterRegistrationBean   : Mapping filter: 'characterEncodingFilter' to: [/*]
2018-07-05 11:42:55.897  INFO 8116 --- [localhost-startStop-1] o.s.b.w.servlet.FilterRegistrationBean   : Mapping filter: 'hiddenHttpMethodFilter' to: [/*]
2018-07-05 11:42:55.897  INFO 8116 --- [localhost-startStop-1] o.s.b.w.servlet.FilterRegistrationBean   : Mapping filter: 'httpPutFormContentFilter' to: [/*]
2018-07-05 11:42:55.897  INFO 8116 --- [localhost-startStop-1] o.s.b.w.servlet.FilterRegistrationBean   : Mapping filter: 'requestContextFilter' to: [/*]
2018-07-05 11:42:55.897  INFO 8116 --- [localhost-startStop-1] o.s.b.w.servlet.FilterRegistrationBean   : Mapping filter: 'corsFilter' to: [/*]
2018-07-05 11:42:56.460  WARN 8116 --- [main] ConfigServletWebServerApplicationContext : Exception encountered during context initialization - cancelling refresh attempt: org.springframework.beans.factory.UnsatisfiedDependencyException: Error creating bean with name 'blogTypeControl': Unsatisfied dependency expressed through field 'blogMainService'; nested exception is org.springframework.beans.factory.NoUniqueBeanDefinitionException: No qualifying bean of type 'com.hub.hubback.service.BlogMainService' available: expected single matching bean but found 2: blogMainServiceImpl,blogMainServiceImpl2
2018-07-05 11:42:56.462  INFO 8116 --- [main] o.apache.catalina.core.StandardService   : Stopping service [Tomcat]
2018-07-05 11:42:56.481  INFO 8116 --- [main] ConditionEvaluationReportLoggingListener : 

Error starting ApplicationContext. To display the conditions report re-run your application with 'debug' enabled.
2018-07-05 11:42:56.484 ERROR 8116 --- [main] o.s.b.d.LoggingFailureAnalysisReporter   : 

***************************
APPLICATION FAILED TO START
***************************

Description:

Field blogMainService in com.hub.hubback.control.BlogTypeControl required a single bean, but 2 were found:
	- blogMainServiceImpl: defined in file [E:\hub-back\target\classes\com\hub\hubback\service\impl\BlogMainServiceImpl.class]
	- blogMainServiceImpl2: defined in file [E:\hub-back\target\classes\com\hub\hubback\service\impl\BlogMainServiceImpl2.class]


Action:

Consider marking one of the beans as @Primary, updating the consumer to accept multiple beans, or using @Qualifier to identify the bean that should be consumed

2018-07-05 11:43:13.744  INFO 7776 --- [main] com.hub.hubback.HubBackApplication       : Starting HubBackApplication on PC0502-4 with PID 7776 (E:\hub-back\target\classes started by user in E:\hub-back)
2018-07-05 11:43:13.747  INFO 7776 --- [main] com.hub.hubback.HubBackApplication       : No active profile set, falling back to default profiles: default
2018-07-05 11:43:13.804  INFO 7776 --- [main] ConfigServletWebServerApplicationContext : Refreshing org.springframework.boot.web.servlet.context.AnnotationConfigServletWebServerApplicationContext@63fbfaeb: startup date [Thu Jul 05 11:43:13 CST 2018]; root of context hierarchy
2018-07-05 11:43:14.954  INFO 7776 --- [main] o.s.b.w.embedded.tomcat.TomcatWebServer  : Tomcat initialized with port(s): 8090 (http)
2018-07-05 11:43:14.974  INFO 7776 --- [main] o.apache.catalina.core.StandardService   : Starting service [Tomcat]
2018-07-05 11:43:14.974  INFO 7776 --- [main] org.apache.catalina.core.StandardEngine  : Starting Servlet Engine: Apache Tomcat/8.5.31
2018-07-05 11:43:14.978  INFO 7776 --- [localhost-startStop-1] o.a.catalina.core.AprLifecycleListener   : The APR based Apache Tomcat Native library which allows optimal performance in production environments was not found on the java.library.path: [C:\Program Files\Java\jdk1.8.0_171\bin;C:\Windows\Sun\Java\bin;C:\Windows\system32;C:\Windows;C:\Program Files (x86)\Common Files\Oracle\Java\javapath;C:\Windows\system32;C:\Windows;C:\Windows\System32\Wbem;C:\Windows\System32\WindowsPowerShell\v1.0\;D:\apache-maven-3.0.4\bin;C:\Windows\system32;C:\Program Files\TortoiseSVN\bin;D:\Program Files\nodejs\;D:\Program Files\Java\jdk1.7.0_17\bin;C:\Program Files\PuTTY\;D:\Git\cmd;C:\Users\user\AppData\Roaming\npm;.]
2018-07-05 11:43:15.076  INFO 7776 --- [localhost-startStop-1] o.a.c.c.C.[Tomcat].[localhost].[/]       : Initializing Spring embedded WebApplicationContext
2018-07-05 11:43:15.077  INFO 7776 --- [localhost-startStop-1] o.s.web.context.ContextLoader            : Root WebApplicationContext: initialization completed in 1273 ms
2018-07-05 11:43:15.210  INFO 7776 --- [localhost-startStop-1] o.s.b.w.servlet.ServletRegistrationBean  : Servlet dispatcherServlet mapped to [/]
2018-07-05 11:43:15.214  INFO 7776 --- [localhost-startStop-1] o.s.b.w.servlet.FilterRegistrationBean   : Mapping filter: 'characterEncodingFilter' to: [/*]
2018-07-05 11:43:15.214  INFO 7776 --- [localhost-startStop-1] o.s.b.w.servlet.FilterRegistrationBean   : Mapping filter: 'hiddenHttpMethodFilter' to: [/*]
2018-07-05 11:43:15.214  INFO 7776 --- [localhost-startStop-1] o.s.b.w.servlet.FilterRegistrationBean   : Mapping filter: 'httpPutFormContentFilter' to: [/*]
2018-07-05 11:43:15.215  INFO 7776 --- [localhost-startStop-1] o.s.b.w.servlet.FilterRegistrationBean   : Mapping filter: 'requestContextFilter' to: [/*]
2018-07-05 11:43:15.215  INFO 7776 --- [localhost-startStop-1] o.s.b.w.servlet.FilterRegistrationBean   : Mapping filter: 'corsFilter' to: [/*]
2018-07-05 11:43:15.595  INFO 7776 --- [main] o.s.w.s.handler.SimpleUrlHandlerMapping  : Mapped URL path [/**/favicon.ico] onto handler of type [class org.springframework.web.servlet.resource.ResourceHttpRequestHandler]
2018-07-05 11:43:15.978  INFO 7776 --- [main] s.w.s.m.m.a.RequestMappingHandlerAdapter : Looking for @ControllerAdvice: org.springframework.boot.web.servlet.context.AnnotationConfigServletWebServerApplicationContext@63fbfaeb: startup date [Thu Jul 05 11:43:13 CST 2018]; root of context hierarchy
2018-07-05 11:43:16.036  INFO 7776 --- [main] s.w.s.m.m.a.RequestMappingHandlerMapping : Mapped "{[/type/test]}" onto public com.hub.hubback.util.Result com.hub.hubback.control.BlogTypeControl.test(java.lang.String)
2018-07-05 11:43:16.037  INFO 7776 --- [main] s.w.s.m.m.a.RequestMappingHandlerMapping : Mapped "{[/type/defaultType]}" onto public com.hub.hubback.util.Result com.hub.hubback.control.BlogTypeControl.getAllType()
2018-07-05 11:43:16.037  INFO 7776 --- [main] s.w.s.m.m.a.RequestMappingHandlerMapping : Mapped "{[/uploadImg]}" onto public com.hub.hubback.util.Result<java.lang.String> com.hub.hubback.control.ImgControl.uploadImg(org.springframework.web.multipart.MultipartFile) throws java.io.IOException
2018-07-05 11:43:16.039  INFO 7776 --- [main] s.w.s.m.m.a.RequestMappingHandlerMapping : Mapped "{[/error]}" onto public org.springframework.http.ResponseEntity<java.util.Map<java.lang.String, java.lang.Object>> org.springframework.boot.autoconfigure.web.servlet.error.BasicErrorController.error(javax.servlet.http.HttpServletRequest)
2018-07-05 11:43:16.040  INFO 7776 --- [main] s.w.s.m.m.a.RequestMappingHandlerMapping : Mapped "{[/error],produces=[text/html]}" onto public org.springframework.web.servlet.ModelAndView org.springframework.boot.autoconfigure.web.servlet.error.BasicErrorController.errorHtml(javax.servlet.http.HttpServletRequest,javax.servlet.http.HttpServletResponse)
2018-07-05 11:43:16.065  INFO 7776 --- [main] o.s.w.s.handler.SimpleUrlHandlerMapping  : Mapped URL path [/webjars/**] onto handler of type [class org.springframework.web.servlet.resource.ResourceHttpRequestHandler]
2018-07-05 11:43:16.065  INFO 7776 --- [main] o.s.w.s.handler.SimpleUrlHandlerMapping  : Mapped URL path [/**] onto handler of type [class org.springframework.web.servlet.resource.ResourceHttpRequestHandler]
2018-07-05 11:43:16.079  INFO 7776 --- [main] .m.m.a.ExceptionHandlerExceptionResolver : Detected @ExceptionHandler methods in globalExceptionHandler
2018-07-05 11:43:16.115  WARN 7776 --- [main] ion$DefaultTemplateResolverConfiguration : Cannot find template location: classpath:/templates/ (please add some templates or check your Thymeleaf configuration)
2018-07-05 11:43:16.477  INFO 7776 --- [main] o.s.j.e.a.AnnotationMBeanExporter        : Registering beans for JMX exposure on startup
2018-07-05 11:43:16.478  INFO 7776 --- [main] o.s.j.e.a.AnnotationMBeanExporter        : Bean with name 'dataSource' has been autodetected for JMX exposure
2018-07-05 11:43:16.483  INFO 7776 --- [main] o.s.j.e.a.AnnotationMBeanExporter        : Located MBean 'dataSource': registering with JMX server as MBean [com.zaxxer.hikari:name=dataSource,type=HikariDataSource]
2018-07-05 11:43:16.560  INFO 7776 --- [main] o.s.b.w.embedded.tomcat.TomcatWebServer  : Tomcat started on port(s): 8090 (http) with context path ''
2018-07-05 11:43:16.563  INFO 7776 --- [main] com.hub.hubback.HubBackApplication       : Started HubBackApplication in 3.143 seconds (JVM running for 4.661)
